<?xml version="1.0" encoding="UTF-8"?>
<testng-results skipped="0" failed="0" ignored="0" total="1" passed="1">
  <reporter-output>
  </reporter-output>
  <suite name="SampleSuite" duration-ms="27153" started-at="2020-01-17T13:33:39Z" finished-at="2020-01-17T13:34:07Z">
    <groups>
    </groups>
    <test name="SampaleTest" duration-ms="27153" started-at="2020-01-17T13:33:39Z" finished-at="2020-01-17T13:34:07Z">
      <class name="com.practice.SeleniumTest.SampleSelTest">
        <test-method status="PASS" signature="gmailLogin()[pri:0, instance:com.practice.SeleniumTest.SampleSelTest@214b199c]" name="gmailLogin" duration-ms="27033" started-at="2020-01-17T13:33:40Z" finished-at="2020-01-17T13:34:07Z">
          <reporter-output>
          </reporter-output>
        </test-method> <!-- gmailLogin -->
      </class> <!-- com.practice.SeleniumTest.SampleSelTest -->
    </test> <!-- SampaleTest -->
  </suite> <!-- SampleSuite -->
</testng-results>
